\standalonepreambles
\subpreamble{sections/0914.tex}
\usepackage {amsmath,amsthm,parskip}\usepackage [utf8]{inputenc}
\endsubpreamble
\subpreamble{sections/0919.tex}
\usepackage {amsmath,amsthm,parskip}\usepackage [utf8]{inputenc}\pagenumbering {gobble}
\endsubpreamble
\subpreamble{sections/0921.tex}
\usepackage {amsmath,amsthm,parskip,amssymb}\usepackage [utf8]{inputenc}\usepackage {mathtools}\usepackage {graphicx}\usepackage {rotating}\pagenumbering {gobble}
\endsubpreamble
\subpreamble{sections/0928.tex}
\usepackage {amsmath,amsthm,parskip,amssymb}\usepackage [utf8]{inputenc}\usepackage {mathtools}\usepackage {graphicx}\usepackage {rotating}\pagenumbering {gobble}
\endsubpreamble
\subpreamble{sections/1005.tex}
\usepackage {amsmath,amsthm,parskip,amssymb}\usepackage [utf8]{inputenc}\usepackage {mathtools}\usepackage {graphicx}\usepackage {rotating}\pagenumbering {gobble}
\endsubpreamble
\subpreamble{sections/1009quiz.tex}
\usepackage {amsmath,amsthm,parskip,amssymb}\usepackage [utf8]{inputenc}\usepackage {mathtools}\usepackage {graphicx}\usepackage {rotating}\pagenumbering {gobble}
\endsubpreamble
\subpreamble{sections/1012.tex}
\usepackage {amsmath,amsthm,parskip,amssymb}\usepackage [utf8]{inputenc}\usepackage {mathtools}\usepackage {graphicx}\usepackage {rotating}\pagenumbering {gobble}
\endsubpreamble
\subpreamble{sections/1019.tex}
\usepackage {amsmath,amsthm,parskip,amssymb}\usepackage [utf8]{inputenc}\usepackage {mathtools}\usepackage {graphicx}\usepackage {rotating}\pagenumbering {gobble}
\endsubpreamble
\subpreamble{sections/1024quiz.tex}
\usepackage {amsmath,amsthm,parskip,amssymb}\usepackage [utf8]{inputenc}\usepackage {mathtools}\usepackage {graphicx}\usepackage {rotating}\pagenumbering {gobble}
\endsubpreamble
\subpreamble{sections/1026.tex}
\usepackage {amsmath,amsthm,parskip,amssymb}\usepackage [utf8]{inputenc}\usepackage {mathtools}\usepackage {graphicx}\usepackage {rotating}\pagenumbering {gobble}
\endsubpreamble
\subpreamble{sections/1031quiz.tex}
\usepackage {amsmath,amsthm,parskip,amssymb}\usepackage [utf8]{inputenc}\usepackage {mathtools}\usepackage {graphicx}\usepackage {rotating}\pagenumbering {gobble}
\endsubpreamble
\subpreamble{sections/1102.tex}
\usepackage {amsmath,amsthm,parskip,amssymb}\usepackage [utf8]{inputenc}\usepackage {mathtools}\usepackage {graphicx}\usepackage {rotating}\pagenumbering {gobble}
\endsubpreamble
\subpreamble{sections/1109.tex}
\usepackage {amsmath,amsthm,parskip,amssymb}\usepackage [utf8]{inputenc}\usepackage {mathtools}\usepackage {graphicx}\usepackage {rotating}\pagenumbering {gobble}
\endsubpreamble
\subpreamble{sections/1114.tex}
\usepackage {amsmath,amsthm,parskip,amssymb}\usepackage [utf8]{inputenc}\usepackage {mathtools}\usepackage {graphicx}\usepackage {rotating}\pagenumbering {gobble}
\endsubpreamble
\subpreamble{sections/1116.tex}
\usepackage {amsmath,amsthm,parskip,amssymb}\usepackage [utf8]{inputenc}\usepackage {mathtools}\usepackage {graphicx}\usepackage {rotating}\pagenumbering {gobble}
\endsubpreamble
\subpreamble{sections/1130.tex}
\usepackage {amsmath,amsthm,parskip,amssymb}\usepackage [utf8]{inputenc}\usepackage {mathtools}\usepackage {graphicx}\usepackage {rotating}\pagenumbering {gobble}
\endsubpreamble
\subpreamble{sections/1207quiz.tex}
\usepackage {amsmath,amsthm,parskip,amssymb}\usepackage [utf8]{inputenc}\usepackage {mathtools}\usepackage {graphicx}\usepackage {rotating}\pagenumbering {gobble}
\endsubpreamble
\subpreamble{sections/1207handout.tex}
\usepackage {amsmath,amsthm,parskip,amssymb}\usepackage [utf8]{inputenc}\usepackage {mathtools}\usepackage {graphicx}\usepackage {rotating}\pagenumbering {gobble}
\endsubpreamble
\subpreamble{sections/midterm1.tex}
\usepackage {amsmath,amsthm,parskip,amssymb}\usepackage [utf8]{inputenc}\usepackage {mathtools}\usepackage {graphicx}\usepackage {rotating}
\endsubpreamble
\subpreamble{sections/midterm2.tex}
\usepackage {amsmath,amsthm,parskip,amssymb}\usepackage [utf8]{inputenc}\usepackage {mathtools}\usepackage {graphicx}\usepackage {rotating}
\endsubpreamble
\endstandalonepreambles
